<?xml version="1.0" encoding="UTF-8"?>
<testng-results ignored="0" total="2" passed="2" failed="0" skipped="0">
  <reporter-output>
  </reporter-output>
  <suite started-at="2024-03-08T13:50:50 IST" name="Default suite" finished-at="2024-03-08T13:51:16 IST" duration-ms="25819">
    <groups>
    </groups>
    <test started-at="2024-03-08T13:50:50 IST" name="Default test" finished-at="2024-03-08T13:51:16 IST" duration-ms="25819">
      <class name="pageObjectMainCalss.SampleMain">
        <test-method is-config="true" signature="open_browser()[pri:0, instance:pageObjectMainCalss.SampleMain@4b0d79fc]" started-at="2024-03-08T13:50:50 IST" name="open_browser" finished-at="2024-03-08T13:50:53 IST" duration-ms="2754" status="PASS">
          <reporter-output>
          </reporter-output>
        </test-method> <!-- open_browser -->
        <test-method signature="main_method()[pri:1, instance:pageObjectMainCalss.SampleMain@4b0d79fc]" started-at="2024-03-08T13:50:53 IST" name="main_method" finished-at="2024-03-08T13:51:01 IST" duration-ms="7706" status="PASS">
          <reporter-output>
          </reporter-output>
        </test-method> <!-- main_method -->
        <test-method is-config="true" signature="teardown()[pri:0, instance:pageObjectMainCalss.SampleMain@4b0d79fc]" started-at="2024-03-08T13:51:01 IST" name="teardown" finished-at="2024-03-08T13:51:01 IST" duration-ms="281" status="PASS">
          <reporter-output>
          </reporter-output>
        </test-method> <!-- teardown -->
        <test-method is-config="true" signature="open_browser()[pri:0, instance:pageObjectMainCalss.SampleMain@4b0d79fc]" started-at="2024-03-08T13:51:01 IST" name="open_browser" finished-at="2024-03-08T13:51:02 IST" duration-ms="1426" status="PASS">
          <reporter-output>
          </reporter-output>
        </test-method> <!-- open_browser -->
        <test-method signature="main_method2()[pri:2, instance:pageObjectMainCalss.SampleMain@4b0d79fc]" started-at="2024-03-08T13:51:02 IST" name="main_method2" finished-at="2024-03-08T13:51:15 IST" duration-ms="13082" status="PASS">
          <reporter-output>
          </reporter-output>
        </test-method> <!-- main_method2 -->
        <test-method is-config="true" signature="teardown()[pri:0, instance:pageObjectMainCalss.SampleMain@4b0d79fc]" started-at="2024-03-08T13:51:15 IST" name="teardown" finished-at="2024-03-08T13:51:16 IST" duration-ms="438" status="PASS">
          <reporter-output>
          </reporter-output>
        </test-method> <!-- teardown -->
      </class> <!-- pageObjectMainCalss.SampleMain -->
    </test> <!-- Default test -->
  </suite> <!-- Default suite -->
</testng-results>
